[20:30:51] [main/WARN]: Ambiguity between arguments [teleport, destination] and [teleport, targets] with inputs: [Player, 0123, @e, dd12be42-52a9-4a91-a8a1-11c01849e498]
[20:30:51] [main/WARN]: Ambiguity between arguments [teleport, location] and [teleport, destination] with inputs: [0.1 -0.5 .9, 0 0 0]
[20:30:51] [main/WARN]: Ambiguity between arguments [teleport, location] and [teleport, targets] with inputs: [0.1 -0.5 .9, 0 0 0]
[20:30:51] [main/WARN]: Ambiguity between arguments [teleport, targets] and [teleport, destination] with inputs: [Player, 0123, dd12be42-52a9-4a91-a8a1-11c01849e498]
[20:30:51] [main/WARN]: Ambiguity between arguments [teleport, targets, location] and [teleport, targets, destination] with inputs: [0.1 -0.5 .9, 0 0 0]
[20:30:52] [Server thread/INFO]: Starting minecraft server version 1.14.4
[20:30:52] [Server thread/INFO]: Loading properties
[20:30:52] [Server thread/INFO]: Default game type: SURVIVAL
[20:30:52] [Server thread/INFO]: Generating keypair
[20:30:52] [Server thread/INFO]: Starting Minecraft server on *:25565
[20:30:52] [Server thread/INFO]: Using default channel type
[20:30:52] [Server thread/INFO]: Preparing level "world"
[20:30:52] [Server thread/INFO]: Reloading ResourceManager: Default
[20:30:53] [Server thread/INFO]: Loaded 6 recipes
[20:30:53] [Server thread/INFO]: Loaded 811 advancements
[20:30:54] [Server thread/INFO]: Preparing start region for dimension minecraft:overworld
[20:30:55] [Server thread/INFO]: Preparing spawn area: 0%
[20:30:55] [Server thread/INFO]: Preparing spawn area: 0%
[20:30:55] [Server thread/INFO]: Preparing spawn area: 0%
[20:30:55] [Server thread/INFO]: Preparing spawn area: 0%
[20:30:56] [Server-Worker-1/INFO]: Preparing spawn area: 0%
[20:30:56] [Server-Worker-5/INFO]: Preparing spawn area: 0%
[20:30:57] [Server thread/INFO]: Time elapsed: 2929 ms
[20:30:57] [Server thread/INFO]: Done (4.266s)! For help, type "help"
[20:30:57] [Server thread/INFO]: Starting GS4 status listener
[20:30:57] [Query Listener #1/INFO]: Query running on 0.0.0.0:25565
