[11:15:14] [User Authenticator #4/INFO]: UUID of player BuffaloWings69 is 814fc67b-a35f-475f-a732-21f8f924d900
[11:15:14] [Server thread/INFO]: BuffaloWings69[/190.236.23.155:62170] logged in with entity id 26924 at (523.9293687103994, 63.0, 3897.1296051898794)
[11:15:14] [Server thread/INFO]: BuffaloWings69 joined the game
[11:32:01] [Server thread/INFO]: BuffaloWings69 lost connection: Disconnected
[11:32:01] [Server thread/INFO]: BuffaloWings69 left the game
[11:32:18] [User Authenticator #5/INFO]: UUID of player BuffaloWings69 is 814fc67b-a35f-475f-a732-21f8f924d900
[11:32:18] [Server thread/INFO]: BuffaloWings69[/190.236.23.155:62177] logged in with entity id 34347 at (106.26496526194822, 72.0, 348.8556196718519)
[11:32:18] [Server thread/INFO]: BuffaloWings69 joined the game
[11:32:24] [User Authenticator #6/INFO]: UUID of player Thejachl is d960ec1f-7d9b-403f-9f27-a547e7bcde4f
[11:32:25] [Server thread/INFO]: Thejachl[/179.7.55.207:15584] logged in with entity id 34570 at (-39.79488202490491, 64.0, -547.5146190746079)
[11:32:25] [Server thread/INFO]: Thejachl joined the game
[11:34:42] [Server thread/WARN]: BuffaloWings69 moved too quickly! -4.468914204431897,-0.756759288177264,-9.10385574708036
[11:36:37] [Server thread/INFO]: Thejachl lost connection: Disconnected
[11:36:37] [Server thread/INFO]: Thejachl left the game
[11:37:08] [User Authenticator #7/INFO]: UUID of player Thejachl is d960ec1f-7d9b-403f-9f27-a547e7bcde4f
[11:37:08] [Server thread/INFO]: Thejachl[/179.7.55.207:37649] logged in with entity id 36457 at (-6.007307641198587, 83.0, -64.40047042502687)
[11:37:08] [Server thread/INFO]: Thejachl joined the game
[11:39:43] [Server thread/WARN]: Can't keep up! Is the server overloaded? Running 2922ms or 58 ticks behind
[11:40:16] [Server thread/INFO]: Thejachl has made the advancement [Best Friends Forever]
[11:40:33] [Server thread/INFO]: Thejachl lost connection: Disconnected
[11:40:33] [Server thread/INFO]: Thejachl left the game
[11:43:52] [User Authenticator #8/INFO]: UUID of player Thejachl is d960ec1f-7d9b-403f-9f27-a547e7bcde4f
[11:43:52] [Server thread/INFO]: Thejachl[/179.7.55.207:3813] logged in with entity id 37830 at (-57.30000001192092, 63.0, -524.3000000119209)
[11:43:52] [Server thread/INFO]: Thejachl joined the game
[11:44:23] [Server thread/INFO]: Thejachl lost connection: Disconnected
[11:44:23] [Server thread/INFO]: Thejachl left the game
[11:54:45] [Server thread/WARN]: BuffaloWings69 moved too quickly! 5.477068547511763,1.4350903002177873,8.417784093552712
[11:54:45] [Server thread/WARN]: Can't keep up! Is the server overloaded? Running 2356ms or 47 ticks behind
[11:59:54] [Server thread/INFO]: BuffaloWings69 lost connection: Disconnected
[11:59:54] [Server thread/INFO]: BuffaloWings69 left the game
[12:00:07] [User Authenticator #9/INFO]: UUID of player BuffaloWings69 is 814fc67b-a35f-475f-a732-21f8f924d900
[12:00:08] [Server thread/INFO]: BuffaloWings69[/190.236.23.155:62183] logged in with entity id 42558 at (161.49963293857616, 69.0, 1841.2263837279786)
[12:00:08] [Server thread/INFO]: BuffaloWings69 joined the game
[12:00:52] [Server thread/INFO]: BuffaloWings69 lost connection: Disconnected
[12:00:52] [Server thread/INFO]: BuffaloWings69 left the game
[12:01:40] [User Authenticator #10/INFO]: UUID of player Waoty is bf304e43-136e-4339-b7c1-19de216a0692
[12:01:40] [Server thread/INFO]: Waoty[/190.40.237.60:53670] logged in with entity id 42920 at (120.24052038880833, 72.0, -671.4170830650881)
[12:01:40] [Server thread/INFO]: Waoty joined the game
[12:08:41] [User Authenticator #11/INFO]: UUID of player BuffaloWings69 is 814fc67b-a35f-475f-a732-21f8f924d900
[12:08:41] [Server thread/INFO]: BuffaloWings69[/190.236.23.155:44672] logged in with entity id 43948 at (114.27034485668364, 81.0, 1931.8837555885434)
[12:08:41] [Server thread/INFO]: BuffaloWings69 joined the game
[12:09:29] [Server thread/INFO]: <Waoty> pee tienes los leads?
[12:09:39] [Server thread/INFO]: <BuffaloWings69> sii
[12:09:48] [Server thread/INFO]: <BuffaloWings69> en algun chest
[12:09:48] [Server thread/WARN]: Can't keep up! Is the server overloaded? Running 2215ms or 44 ticks behind
[12:09:53] [Server thread/INFO]: <Waoty> weno ya hice mas
[12:09:55] [Server thread/INFO]: <Waoty> ntp
[12:09:55] [Server thread/INFO]: <BuffaloWings69> leads, no saddles
[12:10:00] [Server thread/INFO]: <Waoty> sisi
[12:10:06] [Server thread/INFO]: <BuffaloWings69> sii por ahoo
[12:14:51] [Server thread/WARN]: Can't keep up! Is the server overloaded? Running 3081ms or 61 ticks behind
[12:16:26] [Server thread/INFO]: BuffaloWings69 lost connection: Disconnected
[12:16:26] [Server thread/INFO]: BuffaloWings69 left the game
[12:17:49] [User Authenticator #12/INFO]: UUID of player BuffaloWings69 is 814fc67b-a35f-475f-a732-21f8f924d900
[12:17:50] [Server thread/INFO]: BuffaloWings69[/190.236.23.155:62529] logged in with entity id 47058 at (342.5111369137016, 64.0, 2681.105143488191)
[12:17:50] [Server thread/INFO]: BuffaloWings69 joined the game
[12:19:15] [Server thread/INFO]: BuffaloWings69 lost connection: Disconnected
[12:19:15] [Server thread/INFO]: BuffaloWings69 left the game
[12:20:00] [User Authenticator #13/INFO]: UUID of player BuffaloWings69 is 814fc67b-a35f-475f-a732-21f8f924d900
[12:20:00] [Server thread/INFO]: BuffaloWings69[/190.236.23.155:62530] logged in with entity id 47647 at (342.299999974668, 64.0000002, 2679.299999974668)
[12:20:00] [Server thread/INFO]: BuffaloWings69 joined the game
[12:20:08] [Server thread/INFO]: <BuffaloWings69> puedes dormir please??
[12:20:12] [Server thread/INFO]: <Waoty> puedo agarrar un villager
[12:20:15] [Server thread/INFO]: <Waoty> con un lead
[12:20:19] [Server thread/INFO]: <Waoty> no estoy en mi casa
[12:20:19] [Server thread/INFO]: <BuffaloWings69> jsjssj siii
[12:20:29] [Server thread/INFO]: <Waoty> how
[12:20:31] [Server thread/INFO]: <BuffaloWings69> acabo de hacer unos intercambios buenazos
[12:20:39] [Server thread/INFO]: <BuffaloWings69> consegui como 35 esmeraldas
[12:21:18] [Server thread/INFO]: BuffaloWings69 lost connection: Disconnected
[12:21:18] [Server thread/INFO]: BuffaloWings69 left the game
[12:38:03] [User Authenticator #14/INFO]: UUID of player BuffaloWings69 is 814fc67b-a35f-475f-a732-21f8f924d900
[12:38:03] [Server thread/INFO]: BuffaloWings69[/190.236.23.155:62537] logged in with entity id 50482 at (343.2502418846017, 65.0, 2679.801666837996)
[12:38:03] [Server thread/INFO]: BuffaloWings69 joined the game
[12:38:36] [Server thread/INFO]: BuffaloWings69 lost connection: Disconnected
[12:38:36] [Server thread/INFO]: BuffaloWings69 left the game
[12:40:40] [Server thread/INFO]: Waoty lost connection: Disconnected
[12:40:40] [Server thread/INFO]: Waoty left the game
[17:47:20] [User Authenticator #15/INFO]: UUID of player BuffaloWings69 is 814fc67b-a35f-475f-a732-21f8f924d900
[17:47:20] [Server thread/INFO]: BuffaloWings69[/190.233.207.31:48070] logged in with entity id 51023 at (342.47297891122645, 64.0, 2680.2997283563445)
[17:47:20] [Server thread/INFO]: BuffaloWings69 joined the game
[17:51:24] [Server thread/INFO]: BuffaloWings69 lost connection: Disconnected
[17:51:24] [Server thread/INFO]: BuffaloWings69 left the game
